<?xml version="1.0" encoding="UTF-8"?>
<testng-results ignored="0" total="1" passed="1" failed="0" skipped="0">
  <reporter-output>
  </reporter-output>
  <suite started-at="2021-11-02T12:53:16Z" name="Suite" finished-at="2021-11-02T12:54:00Z" duration-ms="43798">
    <groups>
    </groups>
    <test started-at="2021-11-02T12:53:16Z" name="Test" finished-at="2021-11-02T12:54:00Z" duration-ms="43798">
      <class name="com.testrunnner.TestRunner">
        <test-method is-config="true" signature="setUpClass()[pri:0, instance:com.testrunnner.TestRunner@1ab06251]" started-at="2021-11-02T12:53:16Z" name="setUpClass" finished-at="2021-11-02T12:53:21Z" duration-ms="4537" status="PASS">
          <reporter-output>
          </reporter-output>
        </test-method> <!-- setUpClass -->
        <test-method signature="feature(cucumber.api.testng.PickleEventWrapper, cucumber.api.testng.CucumberFeatureWrapper)[pri:0, instance:com.testrunnner.TestRunner@1ab06251]" started-at="2021-11-02T12:53:22Z" name="feature" data-provider="features" finished-at="2021-11-02T12:53:58Z" duration-ms="35699" status="PASS">
          <params>
            <param index="0">
              <value>
                <![CDATA["YouTube Search Positive Scenarios"]]>
              </value>
            </param>
            <param index="1">
              <value>
                <![CDATA["youtube search validation"]]>
              </value>
            </param>
          </params>
          <reporter-output>
          </reporter-output>
        </test-method> <!-- feature -->
        <test-method is-config="true" signature="tearDownClass()[pri:0, instance:com.testrunnner.TestRunner@1ab06251]" started-at="2021-11-02T12:53:58Z" name="tearDownClass" finished-at="2021-11-02T12:54:00Z" duration-ms="1818" status="PASS">
          <reporter-output>
          </reporter-output>
        </test-method> <!-- tearDownClass -->
      </class> <!-- com.testrunnner.TestRunner -->
    </test> <!-- Test -->
  </suite> <!-- Suite -->
</testng-results>
